<?xml version="1.0" encoding="UTF-8"?>
<testsuite xmlns:xsi="http://www.w3.org/2001/XMLSchema-instance" xsi:noNamespaceSchemaLocation="https://maven.apache.org/surefire/maven-surefire-plugin/xsd/surefire-test-report.xsd" name="asia.curtis.dao.BookDaoTest" time="7.952" tests="7" errors="0" skipped="0" failures="0">
  <properties>
[...]
</properties>
  <testcase name="testSave" classname="asia.curtis.dao.BookDaoTest" time="2.249"/>
  <testcase name="testGetById" classname="asia.curtis.dao.BookDaoTest" time="0.011"/>
  <testcase name="testGetPage" classname="asia.curtis.dao.BookDaoTest" time="0.147"/>
  <testcase name="testGroupBy" classname="asia.curtis.dao.BookDaoTest" time="0.028"/>
  <testcase name="testDelete" classname="asia.curtis.dao.BookDaoTest" time="0.004"/>
  <testcase name="testGetAll" classname="asia.curtis.dao.BookDaoTest" time="0.006"/>
  <testcase name="testUpdate" classname="asia.curtis.dao.BookDaoTest" time="0.005"/>
</testsuite>